<?xml version="1.0" encoding="UTF-8"?>
<testng-results skipped="0" failed="0" ignored="0" total="1" passed="1">
  <reporter-output>
  </reporter-output>
  <suite name="Suite" duration-ms="17346" started-at="2019-03-31T11:56:48Z" finished-at="2019-03-31T11:57:05Z">
    <groups>
    </groups>
    <test name="Test" duration-ms="17346" started-at="2019-03-31T11:56:48Z" finished-at="2019-03-31T11:57:05Z">
      <class name="Functionaltesting.Sprint1">
        <test-method status="PASS" signature="startReport()[pri:0, instance:Functionaltesting.Sprint1@7a92922]" name="startReport" is-config="true" duration-ms="869" started-at="2019-03-31T17:26:47Z" finished-at="2019-03-31T17:26:48Z">
          <reporter-output>
          </reporter-output>
        </test-method> <!-- startReport -->
        <test-method status="PASS" signature="launchbrowser(java.lang.String, java.lang.String)[pri:0, instance:Functionaltesting.Sprint1@7a92922]" name="launchbrowser" is-config="true" duration-ms="12555" started-at="2019-03-31T17:26:48Z" finished-at="2019-03-31T17:27:01Z">
          <params>
            <param index="0">
              <value>
                <![CDATA[chrome]]>
              </value>
            </param>
            <param index="1">
              <value>
                <![CDATA[https://opensource-demo.orangehrmlive.com/index.php/admin/viewSystemUsers]]>
              </value>
            </param>
          </params>
          <reporter-output>
          </reporter-output>
        </test-method> <!-- launchbrowser -->
        <test-method status="PASS" signature="Testcase12()[pri:0, instance:Functionaltesting.Sprint1@7a92922]" name="Testcase12" duration-ms="4754" started-at="2019-03-31T17:27:01Z" finished-at="2019-03-31T17:27:05Z">
          <reporter-output>
          </reporter-output>
        </test-method> <!-- Testcase12 -->
        <test-method status="PASS" signature="endReport()[pri:0, instance:Functionaltesting.Sprint1@7a92922]" name="endReport" is-config="true" duration-ms="12" started-at="2019-03-31T17:27:06Z" finished-at="2019-03-31T17:27:06Z">
          <reporter-output>
          </reporter-output>
        </test-method> <!-- endReport -->
      </class> <!-- Functionaltesting.Sprint1 -->
    </test> <!-- Test -->
  </suite> <!-- Suite -->
</testng-results>
